This is pdfTeX, Version 3.14159265-2.6-1.40.21 (MiKTeX 20.11) (preloaded format=pdflatex 2020.12.8)  12 AUG 2021 17:03
entering extended mode
**./bookdownproj.tex
(bookdownproj.tex
LaTeX2e <2020-10-01> patch level 2
L3 programming layer <2020-12-03> xparse <2020-03-03>
("C:\Program Files\MiKTeX\tex/latex/base\book.cls"
Document Class: book 2020/04/10 v1.4m Standard LaTeX document class
("C:\Program Files\MiKTeX\tex/latex/base\bk10.clo"
File: bk10.clo 2020/04/10 v1.4m Standard LaTeX file (size option)
)
\c@part=\count177
\c@chapter=\count178
\c@section=\count179
\c@subsection=\count180
\c@subsubsection=\count181
\c@paragraph=\count182
\c@subparagraph=\count183
\c@figure=\count184
\c@table=\count185
\abovecaptionskip=\skip47
\belowcaptionskip=\skip48
\bibindent=\dimen138
)
("C:\Program Files\MiKTeX\tex/latex/amsmath\amsmath.sty"
Package: amsmath 2020/09/23 v2.17i AMS math features
\@mathmargin=\skip49

For additional information on amsmath, use the `?' option.
("C:\Program Files\MiKTeX\tex/latex/amsmath\amstext.sty"
Package: amstext 2000/06/29 v2.01 AMS text

("C:\Program Files\MiKTeX\tex/latex/amsmath\amsgen.sty"
File: amsgen.sty 1999/11/30 v2.0 generic functions
\@emptytoks=\toks15
\ex@=\dimen139
))
("C:\Program Files\MiKTeX\tex/latex/amsmath\amsbsy.sty"
Package: amsbsy 1999/11/29 v1.2d Bold Symbols
\pmbraise@=\dimen140
)
("C:\Program Files\MiKTeX\tex/latex/amsmath\amsopn.sty"
Package: amsopn 2016/03/08 v2.02 operator names
)
\inf@bad=\count186
LaTeX Info: Redefining \frac on input line 234.
\uproot@=\count187
\leftroot@=\count188
LaTeX Info: Redefining \overline on input line 399.
\classnum@=\count189
\DOTSCASE@=\count190
LaTeX Info: Redefining \ldots on input line 496.
LaTeX Info: Redefining \dots on input line 499.
LaTeX Info: Redefining \cdots on input line 620.
\Mathstrutbox@=\box47
\strutbox@=\box48
\big@size=\dimen141
LaTeX Font Info:    Redeclaring font encoding OML on input line 743.
LaTeX Font Info:    Redeclaring font encoding OMS on input line 744.
\macc@depth=\count191
\c@MaxMatrixCols=\count192
\dotsspace@=\muskip16
\c@parentequation=\count193
\dspbrk@lvl=\count194
\tag@help=\toks16
\row@=\count195
\column@=\count196
\maxfields@=\count197
\andhelp@=\toks17
\eqnshift@=\dimen142
\alignsep@=\dimen143
\tagshift@=\dimen144
\tagwidth@=\dimen145
\totwidth@=\dimen146
\lineht@=\dimen147
\@envbody=\toks18
\multlinegap=\skip50
\multlinetaggap=\skip51
\mathdisplay@stack=\toks19
LaTeX Info: Redefining \[ on input line 2923.
LaTeX Info: Redefining \] on input line 2924.
)
("C:\Program Files\MiKTeX\tex/latex/amsfonts\amssymb.sty"
Package: amssymb 2013/01/14 v3.01 AMS font symbols

("C:\Program Files\MiKTeX\tex/latex/amsfonts\amsfonts.sty"
Package: amsfonts 2013/01/14 v3.01 Basic AMSFonts support
\symAMSa=\mathgroup4
\symAMSb=\mathgroup5
LaTeX Font Info:    Redeclaring math symbol \hbar on input line 98.
LaTeX Font Info:    Overwriting math alphabet `\mathfrak' in version `bold'
(Font)                  U/euf/m/n --> U/euf/b/n on input line 106.
))
("C:\Program Files\MiKTeX\tex/latex/lm\lmodern.sty"
Package: lmodern 2009/10/30 v1.6 Latin Modern Fonts
LaTeX Font Info:    Overwriting symbol font `operators' in version `normal'
(Font)                  OT1/cmr/m/n --> OT1/lmr/m/n on input line 22.
LaTeX Font Info:    Overwriting symbol font `letters' in version `normal'
(Font)                  OML/cmm/m/it --> OML/lmm/m/it on input line 23.
LaTeX Font Info:    Overwriting symbol font `symbols' in version `normal'
(Font)                  OMS/cmsy/m/n --> OMS/lmsy/m/n on input line 24.
LaTeX Font Info:    Overwriting symbol font `largesymbols' in version `normal'
(Font)                  OMX/cmex/m/n --> OMX/lmex/m/n on input line 25.
LaTeX Font Info:    Overwriting symbol font `operators' in version `bold'
(Font)                  OT1/cmr/bx/n --> OT1/lmr/bx/n on input line 26.
LaTeX Font Info:    Overwriting symbol font `letters' in version `bold'
(Font)                  OML/cmm/b/it --> OML/lmm/b/it on input line 27.
LaTeX Font Info:    Overwriting symbol font `symbols' in version `bold'
(Font)                  OMS/cmsy/b/n --> OMS/lmsy/b/n on input line 28.
LaTeX Font Info:    Overwriting symbol font `largesymbols' in version `bold'
(Font)                  OMX/cmex/m/n --> OMX/lmex/m/n on input line 29.
LaTeX Font Info:    Overwriting math alphabet `\mathbf' in version `normal'
(Font)                  OT1/cmr/bx/n --> OT1/lmr/bx/n on input line 31.
LaTeX Font Info:    Overwriting math alphabet `\mathsf' in version `normal'
(Font)                  OT1/cmss/m/n --> OT1/lmss/m/n on input line 32.
LaTeX Font Info:    Overwriting math alphabet `\mathit' in version `normal'
(Font)                  OT1/cmr/m/it --> OT1/lmr/m/it on input line 33.
LaTeX Font Info:    Overwriting math alphabet `\mathtt' in version `normal'
(Font)                  OT1/cmtt/m/n --> OT1/lmtt/m/n on input line 34.
LaTeX Font Info:    Overwriting math alphabet `\mathbf' in version `bold'
(Font)                  OT1/cmr/bx/n --> OT1/lmr/bx/n on input line 35.
LaTeX Font Info:    Overwriting math alphabet `\mathsf' in version `bold'
(Font)                  OT1/cmss/bx/n --> OT1/lmss/bx/n on input line 36.
LaTeX Font Info:    Overwriting math alphabet `\mathit' in version `bold'
(Font)                  OT1/cmr/bx/it --> OT1/lmr/bx/it on input line 37.
LaTeX Font Info:    Overwriting math alphabet `\mathtt' in version `bold'
(Font)                  OT1/cmtt/m/n --> OT1/lmtt/m/n on input line 38.
)
("C:\Program Files\MiKTeX\tex/generic/iftex\ifxetex.sty"
Package: ifxetex 2019/10/25 v0.7 ifxetex legacy package. Use iftex instead.

("C:\Program Files\MiKTeX\tex/generic/iftex\iftex.sty"
Package: iftex 2020/03/06 v1.0d TeX engine tests
))
("C:\Program Files\MiKTeX\tex/generic/iftex\ifluatex.sty"
Package: ifluatex 2019/10/25 v1.5 ifluatex legacy package. Use iftex instead.
)
("C:\Program Files\MiKTeX\tex/latex/base\fontenc.sty"
Package: fontenc 2020/08/10 v2.0s Standard LaTeX package
LaTeX Font Info:    Trying to load font information for T1+lmr on input line 11
2.

("C:\Program Files\MiKTeX\tex/latex/lm\t1lmr.fd"
File: t1lmr.fd 2009/10/30 v1.6 Font defs for Latin Modern
))
("C:\Program Files\MiKTeX\tex/latex/base\inputenc.sty"
Package: inputenc 2020/08/01 v1.3d Input encoding file
\inpenc@prehook=\toks20
\inpenc@posthook=\toks21
)
("C:\Program Files\MiKTeX\tex/latex/base\textcomp.sty"
Package: textcomp 2020/02/02 v2.0n Standard LaTeX package
)
("C:\Program Files\MiKTeX\tex/latex/upquote\upquote.sty"
Package: upquote 2012/04/19 v1.3 upright-quote and grave-accent glyphs in verba
tim
)
("C:\Program Files\MiKTeX\tex/latex/microtype\microtype.sty"
Package: microtype 2020/12/07 v2.8 Micro-typographical refinements (RS)

("C:\Program Files\MiKTeX\tex/latex/graphics\keyval.sty"
Package: keyval 2014/10/28 v1.15 key=value parser (DPC)
\KV@toks@=\toks22
)
\MT@toks=\toks23
\MT@count=\count198
LaTeX Info: Redefining \textls on input line 788.
\MT@outer@kern=\dimen148
LaTeX Info: Redefining \textmicrotypecontext on input line 1358.
\MT@listname@count=\count199

("C:\Program Files\MiKTeX\tex/latex/microtype\microtype-pdftex.def"
File: microtype-pdftex.def 2020/12/07 v2.8 Definitions specific to pdftex (RS)
LaTeX Info: Redefining \lsstyle on input line 915.
LaTeX Info: Redefining \lslig on input line 915.
\MT@outer@space=\skip52
)
Package microtype Info: Loading configuration file microtype.cfg.

("C:\Program Files\MiKTeX\tex/latex/microtype\microtype.cfg"
File: microtype.cfg 2020/12/07 v2.8 microtype main configuration file (RS)
))
("C:\Program Files\MiKTeX\tex/latex/parskip\parskip.sty"
Package: parskip 2020-06-15 v2.0f non-zero parskip adjustments

("C:\Program Files\MiKTeX\tex/latex/kvoptions\kvoptions.sty"
Package: kvoptions 2020-10-07 v3.14 Key value format for package options (HO)

("C:\Program Files\MiKTeX\tex/generic/ltxcmds\ltxcmds.sty"
Package: ltxcmds 2020-05-10 v1.25 LaTeX kernel commands for general use (HO)
)
("C:\Program Files\MiKTeX\tex/generic/kvsetkeys\kvsetkeys.sty"
Package: kvsetkeys 2019/12/15 v1.18 Key value parser (HO)
))
("C:\Program Files\MiKTeX\tex/latex/etoolbox\etoolbox.sty"
Package: etoolbox 2020/10/05 v2.5k e-TeX tools for LaTeX (JAW)
\etb@tempcnta=\count266
))
("C:\Program Files\MiKTeX\tex/latex/xcolor\xcolor.sty"
Package: xcolor 2016/05/11 v2.12 LaTeX color extensions (UK)

("C:\Program Files\MiKTeX\tex/latex/graphics-cfg\color.cfg"
File: color.cfg 2016/01/02 v1.6 sample color configuration
)
Package xcolor Info: Driver file: pdftex.def on input line 225.

("C:\Program Files\MiKTeX\tex/latex/graphics-def\pdftex.def"
File: pdftex.def 2020/10/05 v1.2a Graphics/color driver for pdftex
)
Package xcolor Info: Model `cmy' substituted by `cmy0' on input line 1348.
Package xcolor Info: Model `hsb' substituted by `rgb' on input line 1352.
Package xcolor Info: Model `RGB' extended on input line 1364.
Package xcolor Info: Model `HTML' substituted by `rgb' on input line 1366.
Package xcolor Info: Model `Hsb' substituted by `hsb' on input line 1367.
Package xcolor Info: Model `tHsb' substituted by `hsb' on input line 1368.
Package xcolor Info: Model `HSB' substituted by `hsb' on input line 1369.
Package xcolor Info: Model `Gray' substituted by `gray' on input line 1370.
Package xcolor Info: Model `wave' substituted by `hsb' on input line 1371.
)
("C:\Program Files\MiKTeX\tex/latex/xurl\xurl.sty"
Package: xurl 2020/12/30 v 0.09a modify URL breaks

("C:\Program Files\MiKTeX\tex/latex/url\url.sty"
\Urlmuskip=\muskip17
Package: url 2013/09/16  ver 3.4  Verb mode for urls, etc.
))
("C:\Program Files\MiKTeX\tex/latex/bookmark\bookmark.sty"
Package: bookmark 2020-11-06 v1.29 PDF bookmarks (HO)

("C:\Program Files\MiKTeX\tex/latex/hyperref\hyperref.sty"
Package: hyperref 2020-05-15 v7.00e Hypertext links for LaTeX

("C:\Program Files\MiKTeX\tex/generic/pdftexcmds\pdftexcmds.sty"
Package: pdftexcmds 2020-06-27 v0.33 Utility functions of pdfTeX for LuaTeX (HO
)

("C:\Program Files\MiKTeX\tex/generic/infwarerr\infwarerr.sty"
Package: infwarerr 2019/12/03 v1.5 Providing info/warning/error messages (HO)
)
Package pdftexcmds Info: \pdf@primitive is available.
Package pdftexcmds Info: \pdf@ifprimitive is available.
Package pdftexcmds Info: \pdfdraftmode found.
)
("C:\Program Files\MiKTeX\tex/generic/kvdefinekeys\kvdefinekeys.sty"
Package: kvdefinekeys 2019-12-19 v1.6 Define keys (HO)
)
("C:\Program Files\MiKTeX\tex/generic/pdfescape\pdfescape.sty"
Package: pdfescape 2019/12/09 v1.15 Implements pdfTeX's escape features (HO)
)
("C:\Program Files\MiKTeX\tex/latex/hycolor\hycolor.sty"
Package: hycolor 2020-01-27 v1.10 Color options for hyperref/bookmark (HO)
)
("C:\Program Files\MiKTeX\tex/latex/letltxmacro\letltxmacro.sty"
Package: letltxmacro 2019/12/03 v1.6 Let assignment for LaTeX macros (HO)
)
("C:\Program Files\MiKTeX\tex/latex/auxhook\auxhook.sty"
Package: auxhook 2019-12-17 v1.6 Hooks for auxiliary files (HO)
)
\@linkdim=\dimen149
\Hy@linkcounter=\count267
\Hy@pagecounter=\count268

("C:\Program Files\MiKTeX\tex/latex/hyperref\pd1enc.def"
File: pd1enc.def 2020-05-15 v7.00e Hyperref: PDFDocEncoding definition (HO)
Now handling font encoding PD1 ...
... no UTF-8 mapping file for font encoding PD1
)
("C:\Program Files\MiKTeX\tex/generic/intcalc\intcalc.sty"
Package: intcalc 2019/12/15 v1.3 Expandable calculations with integers (HO)
)
("C:\Program Files\MiKTeX\tex/generic/etexcmds\etexcmds.sty"
Package: etexcmds 2019/12/15 v1.7 Avoid name clashes with e-TeX commands (HO)
)
\Hy@SavedSpaceFactor=\count269
Package hyperref Info: Option `unicode' set `true' on input line 4338.

("C:\Program Files\MiKTeX\tex/latex/hyperref\puenc.def"
File: puenc.def 2020-05-15 v7.00e Hyperref: PDF Unicode definition (HO)
Now handling font encoding PU ...
... no UTF-8 mapping file for font encoding PU
)
Package hyperref Info: Hyper figures OFF on input line 4464.
Package hyperref Info: Link nesting OFF on input line 4469.
Package hyperref Info: Hyper index ON on input line 4472.
Package hyperref Info: Plain pages OFF on input line 4479.
Package hyperref Info: Backreferencing OFF on input line 4484.
Package hyperref Info: Implicit mode ON; LaTeX internals redefined.
Package hyperref Info: Bookmarks ON on input line 4717.
\c@Hy@tempcnt=\count270
LaTeX Info: Redefining \url on input line 5076.
\XeTeXLinkMargin=\dimen150

("C:\Program Files\MiKTeX\tex/generic/bitset\bitset.sty"
Package: bitset 2019/12/09 v1.3 Handle bit-vector datatype (HO)

("C:\Program Files\MiKTeX\tex/generic/bigintcalc\bigintcalc.sty"
Package: bigintcalc 2019/12/15 v1.5 Expandable calculations on big integers (HO
)
))
\Fld@menulength=\count271
\Field@Width=\dimen151
\Fld@charsize=\dimen152
Package hyperref Info: Hyper figures OFF on input line 6347.
Package hyperref Info: Link nesting OFF on input line 6352.
Package hyperref Info: Hyper index ON on input line 6355.
Package hyperref Info: backreferencing OFF on input line 6362.
Package hyperref Info: Link coloring OFF on input line 6367.
Package hyperref Info: Link coloring with OCG OFF on input line 6372.
Package hyperref Info: PDF/A mode OFF on input line 6377.
LaTeX Info: Redefining \ref on input line 6417.
LaTeX Info: Redefining \pageref on input line 6421.

("C:\Program Files\MiKTeX\tex/latex/base\atbegshi-ltx.sty"
Package: atbegshi-ltx 2020/08/17 v1.0a Emulation of the original atbegshi packa
ge
with kernel methods
)
\Hy@abspage=\count272
\c@Item=\count273
\c@Hfootnote=\count274
)
Package hyperref Info: Driver (autodetected): hpdftex.

("C:\Program Files\MiKTeX\tex/latex/hyperref\hpdftex.def"
File: hpdftex.def 2020-05-15 v7.00e Hyperref driver for pdfTeX

("C:\Program Files\MiKTeX\tex/latex/base\atveryend-ltx.sty"
Package: atveryend-ltx 2020/08/19 v1.0a Emulation of the original atvery packag
e
with kernel methods
)
\Fld@listcount=\count275
\c@bookmark@seq@number=\count276

("C:\Program Files\MiKTeX\tex/latex/rerunfilecheck\rerunfilecheck.sty"
Package: rerunfilecheck 2019/12/05 v1.9 Rerun checks for auxiliary files (HO)

("C:\Program Files\MiKTeX\tex/generic/uniquecounter\uniquecounter.sty"
Package: uniquecounter 2019/12/15 v1.4 Provide unlimited unique counter (HO)
)
Package uniquecounter Info: New unique counter `rerunfilecheck' on input line 2
86.
)
\Hy@SectionHShift=\skip53
)
("C:\Program Files\MiKTeX\tex/latex/bookmark\bkm-pdftex.def"
File: bkm-pdftex.def 2020-11-06 v1.29 bookmark driver for pdfTeX (HO)
\BKM@id=\count277
))
("C:\Program Files\MiKTeX\tex/latex/fancyvrb\fancyvrb.sty"
Package: fancyvrb 2020/05/03 v3.6 verbatim text (tvz,hv)
\FV@CodeLineNo=\count278
\FV@InFile=\read2
\FV@TabBox=\box49
\c@FancyVerbLine=\count279
\FV@StepNumber=\count280
\FV@OutFile=\write3
)
("C:\Program Files\MiKTeX\tex/latex/framed\framed.sty"
Package: framed 2011/10/22 v 0.96: framed or shaded text with page breaks
\OuterFrameSep=\skip54
\fb@frw=\dimen153
\fb@frh=\dimen154
\FrameRule=\dimen155
\FrameSep=\dimen156
)
("C:\Program Files\MiKTeX\tex/latex/tools\longtable.sty"
Package: longtable 2020/01/07 v4.13 Multi-page Table package (DPC)
\LTleft=\skip55
\LTright=\skip56
\LTpre=\skip57
\LTpost=\skip58
\LTchunksize=\count281
\LTcapwidth=\dimen157
\LT@head=\box50
\LT@firsthead=\box51
\LT@foot=\box52
\LT@lastfoot=\box53
\LT@cols=\count282
\LT@rows=\count283
\c@LT@tables=\count284
\c@LT@chunks=\count285
\LT@p@ftn=\toks24
)
("C:\Program Files\MiKTeX\tex/latex/booktabs\booktabs.sty"
Package: booktabs 2020/01/12 v1.61803398 Publication quality tables
\heavyrulewidth=\dimen158
\lightrulewidth=\dimen159
\cmidrulewidth=\dimen160
\belowrulesep=\dimen161
\belowbottomsep=\dimen162
\aboverulesep=\dimen163
\abovetopsep=\dimen164
\cmidrulesep=\dimen165
\cmidrulekern=\dimen166
\defaultaddspace=\dimen167
\@cmidla=\count286
\@cmidlb=\count287
\@aboverulesep=\dimen168
\@belowrulesep=\dimen169
\@thisruleclass=\count288
\@lastruleclass=\count289
\@thisrulewidth=\dimen170
)
("C:\Program Files\MiKTeX\tex/latex/tools\array.sty"
Package: array 2019/08/31 v2.4l Tabular extension package (FMi)
\col@sep=\dimen171
\ar@mcellbox=\box54
\extrarowheight=\dimen172
\NC@list=\toks25
\extratabsurround=\skip59
\backup@length=\skip60
\ar@cellbox=\box55
)
("C:\Program Files\MiKTeX\tex/latex/tools\calc.sty"
Package: calc 2017/05/25 v4.3 Infix arithmetic (KKT,FJ)
\calc@Acount=\count290
\calc@Bcount=\count291
\calc@Adimen=\dimen173
\calc@Bdimen=\dimen174
\calc@Askip=\skip61
\calc@Bskip=\skip62
LaTeX Info: Redefining \setlength on input line 80.
LaTeX Info: Redefining \addtolength on input line 81.
\calc@Ccount=\count292
\calc@Cskip=\skip63
)
("C:\Program Files\MiKTeX\tex/latex/footnotehyper\footnotehyper.sty"
Package: footnotehyper 2021/02/04 v1.1d hyperref aware footnote.sty (JFB)
\FNH@notes=\box56
\FNH@width=\dimen175
\FNH@toks=\toks26
)
("C:\Program Files\MiKTeX\tex/latex/graphics\graphicx.sty"
Package: graphicx 2020/09/09 v1.2b Enhanced LaTeX Graphics (DPC,SPQR)

("C:\Program Files\MiKTeX\tex/latex/graphics\graphics.sty"
Package: graphics 2020/08/30 v1.4c Standard LaTeX Graphics (DPC,SPQR)

("C:\Program Files\MiKTeX\tex/latex/graphics\trig.sty"
Package: trig 2016/01/03 v1.10 sin cos tan (DPC)
)
("C:\Program Files\MiKTeX\tex/latex/graphics-cfg\graphics.cfg"
File: graphics.cfg 2016/06/04 v1.11 sample graphics configuration
)
Package graphics Info: Driver file: pdftex.def on input line 105.
)
\Gin@req@height=\dimen176
\Gin@req@width=\dimen177
)
("C:\Program Files\MiKTeX\tex/latex/caption\caption.sty"
Package: caption 2020/10/26 v3.5g Customizing captions (AR)

("C:\Program Files\MiKTeX\tex/latex/caption\caption3.sty"
Package: caption3 2020/10/21 v2.2e caption3 kernel (AR)
\captionmargin=\dimen178
\captionmargin@=\dimen179
\captionwidth=\dimen180
\caption@tempdima=\dimen181
\caption@indent=\dimen182
\caption@parindent=\dimen183
\caption@hangindent=\dimen184
Package caption Info: Standard document class detected.
)
\c@caption@flags=\count293
\c@continuedfloat=\count294
Package caption Info: hyperref package is loaded.
Package caption Info: longtable package is loaded.

("C:\Program Files\MiKTeX\tex/latex/caption\ltcaption.sty"
Package: ltcaption 2020/05/30 v1.4b longtable captions (AR)
))
("C:\Program Files\MiKTeX\tex/latex/natbib\natbib.sty"
Package: natbib 2010/09/13 8.31b (PWD, AO)
\bibhang=\skip64
\bibsep=\skip65
LaTeX Info: Redefining \cite on input line 694.
\c@NAT@ctr=\count295
)
("C:\Program Files\MiKTeX\tex/latex/l3backend\l3backend-pdftex.def"
File: l3backend-pdftex.def 2020-09-24 L3 backend support: PDF output (pdfTeX)
\l__kernel_color_stack_int=\count296
\l__pdf_internal_box=\box57
)
No file bookdownproj.aux.
\openout1 = `bookdownproj.aux'.

LaTeX Font Info:    Checking defaults for OML/cmm/m/it on input line 163.
LaTeX Font Info:    ... okay on input line 163.
LaTeX Font Info:    Checking defaults for OMS/cmsy/m/n on input line 163.
LaTeX Font Info:    ... okay on input line 163.
LaTeX Font Info:    Checking defaults for OT1/cmr/m/n on input line 163.
LaTeX Font Info:    ... okay on input line 163.
LaTeX Font Info:    Checking defaults for T1/cmr/m/n on input line 163.
LaTeX Font Info:    ... okay on input line 163.
LaTeX Font Info:    Checking defaults for TS1/cmr/m/n on input line 163.
LaTeX Font Info:    ... okay on input line 163.
LaTeX Font Info:    Checking defaults for OMX/cmex/m/n on input line 163.
LaTeX Font Info:    ... okay on input line 163.
LaTeX Font Info:    Checking defaults for U/cmr/m/n on input line 163.
LaTeX Font Info:    ... okay on input line 163.
LaTeX Font Info:    Checking defaults for PD1/pdf/m/n on input line 163.
LaTeX Font Info:    ... okay on input line 163.
LaTeX Font Info:    Checking defaults for PU/pdf/m/n on input line 163.
LaTeX Font Info:    ... okay on input line 163.
LaTeX Info: Redefining \microtypecontext on input line 163.
Package microtype Info: Generating PDF output.
Package microtype Info: Character protrusion enabled (level 2).
Package microtype Info: Using protrusion set `basicmath'.
Package microtype Info: Automatic font expansion enabled (level 2),
(microtype)             stretch: 20, shrink: 20, step: 1, non-selected.
Package microtype Info: Using default expansion set `alltext-nott'.
LaTeX Info: Redefining \showhyphens on input line 163.
Package microtype Info: No adjustment of tracking.
Package microtype Info: No adjustment of interword spacing.
Package microtype Info: No adjustment of character kerning.
("C:\Program Files\MiKTeX\tex/latex/microtype\mt-cmr.cfg"
File: mt-cmr.cfg 2013/05/19 v2.2 microtype config. file: Computer Modern Roman 
(RS)
)
("C:\Program Files\MiKTeX\tex/context/base/mkii\supp-pdf.mkii"
[Loading MPS to PDF converter (version 2006.09.02).]
\scratchcounter=\count297
\scratchdimen=\dimen185
\scratchbox=\box58
\nofMPsegments=\count298
\nofMParguments=\count299
\everyMPshowfont=\toks27
\MPscratchCnt=\count300
\MPscratchDim=\dimen186
\MPnumerator=\count301
\makeMPintoPDFobject=\count302
\everyMPtoPDFconversion=\toks28
) ("C:\Program Files\MiKTeX\tex/latex/epstopdf-pkg\epstopdf-base.sty"
Package: epstopdf-base 2020-01-24 v2.11 Base part for package epstopdf
Package epstopdf-base Info: Redefining graphics rule for `.eps' on input line 4
85.
)
Package hyperref Info: Link coloring OFF on input line 163.

("C:\Program Files\MiKTeX\tex/latex/hyperref\nameref.sty"
Package: nameref 2019/09/16 v2.46 Cross-referencing by name of section

("C:\Program Files\MiKTeX\tex/latex/refcount\refcount.sty"
Package: refcount 2019/12/15 v3.6 Data extraction from label references (HO)
)
("C:\Program Files\MiKTeX\tex/generic/gettitlestring\gettitlestring.sty"
Package: gettitlestring 2019/12/15 v1.6 Cleanup title references (HO)
)
\c@section@level=\count303
)
LaTeX Info: Redefining \ref on input line 163.
LaTeX Info: Redefining \pageref on input line 163.
LaTeX Info: Redefining \nameref on input line 163.
Package caption Info: Begin \AtBeginDocument code.
Package caption Info: End \AtBeginDocument code.
LaTeX Font Info:    Trying to load font information for OT1+lmr on input line 1
65.

("C:\Program Files\MiKTeX\tex/latex/lm\ot1lmr.fd"
File: ot1lmr.fd 2009/10/30 v1.6 Font defs for Latin Modern
)
LaTeX Font Info:    Trying to load font information for OML+lmm on input line 1
65.

("C:\Program Files\MiKTeX\tex/latex/lm\omllmm.fd"
File: omllmm.fd 2009/10/30 v1.6 Font defs for Latin Modern
)
LaTeX Font Info:    Trying to load font information for OMS+lmsy on input line 
165.

("C:\Program Files\MiKTeX\tex/latex/lm\omslmsy.fd"
File: omslmsy.fd 2009/10/30 v1.6 Font defs for Latin Modern
)
LaTeX Font Info:    Trying to load font information for OMX+lmex on input line 
165.

("C:\Program Files\MiKTeX\tex/latex/lm\omxlmex.fd"
File: omxlmex.fd 2009/10/30 v1.6 Font defs for Latin Modern
)
LaTeX Font Info:    External font `lmex10' loaded for size
(Font)              <12> on input line 165.
LaTeX Font Info:    External font `lmex10' loaded for size
(Font)              <8> on input line 165.
LaTeX Font Info:    External font `lmex10' loaded for size
(Font)              <6> on input line 165.
LaTeX Font Info:    Trying to load font information for U+msa on input line 165
.

("C:\Program Files\MiKTeX\tex/latex/amsfonts\umsa.fd"
File: umsa.fd 2013/01/14 v3.01 AMS symbols A
)
("C:\Program Files\MiKTeX\tex/latex/microtype\mt-msa.cfg"
File: mt-msa.cfg 2006/02/04 v1.1 microtype config. file: AMS symbols (a) (RS)
)
LaTeX Font Info:    Trying to load font information for U+msb on input line 165
.

("C:\Program Files\MiKTeX\tex/latex/amsfonts\umsb.fd"
File: umsb.fd 2013/01/14 v3.01 AMS symbols B
)
("C:\Program Files\MiKTeX\tex/latex/microtype\mt-msb.cfg"
File: mt-msb.cfg 2005/06/01 v1.0 microtype config. file: AMS symbols (b) (RS)
) [1


{C:/Users/Alvaro Florez/AppData/Local/MiKTeX/pdftex/config/pdftex.map}] [2

]
\tf@toc=\write4
\openout4 = `bookdownproj.toc'.

 [3] [4

]
LaTeX Font Info:    Trying to load font information for TS1+lmr on input line 1
96.

("C:\Program Files\MiKTeX\tex/latex/lm\ts1lmr.fd"
File: ts1lmr.fd 2009/10/30 v1.6 Font defs for Latin Modern
) [5] [6

]
Chapter 1.
LaTeX Font Info:    Trying to load font information for T1+lmtt on input line 2
18.
("C:\Program Files\MiKTeX\tex/latex/lm\t1lmtt.fd"
File: t1lmtt.fd 2009/10/30 v1.6 Font defs for Latin Modern
)
LaTeX Font Info:    External font `lmex10' loaded for size
(Font)              <10> on input line 218.
LaTeX Font Info:    External font `lmex10' loaded for size
(Font)              <7> on input line 218.
LaTeX Font Info:    External font `lmex10' loaded for size
(Font)              <5> on input line 218.


LaTeX Warning: Reference `fig:birthweightFigure' on page 7 undefined on input l
ine 220.


LaTeX Warning: Reference `fig:birthweightFigure' on page 7 undefined on input l
ine 225.

LaTeX Font Info:    Trying to load font information for TS1+lmtt on input line 
232.
("C:\Program Files\MiKTeX\tex/latex/lm\ts1lmtt.fd"
File: ts1lmtt.fd 2009/10/30 v1.6 Font defs for Latin Modern
)

! LaTeX Error: File `bookdownproj_files/figure-latex/birthweightFigure-1' not f
ound.

See the LaTeX manual or LaTeX Companion for explanation.
Type  H <return>  for immediate help.
 ...                                              
                                                  
l.238 ...j_files/figure-latex/birthweightFigure-1}
                                                  
I could not locate the file with any of these extensions:
.pdf,.png,.jpg,.mps,.jpeg,.jbig2,.jb2,.PDF,.PNG,.JPG,.JPEG,.JBIG2,.JB2,.eps
Try typing  <return>  to proceed.
If that doesn't work, type  X <return>  to quit.

[7] [8]

LaTeX Warning: Reference `fig:gendataFigure' on page 9 undefined on input line 
312.


! LaTeX Error: File `bookdownproj_files/figure-latex/gendataFigure-1' not found
.

See the LaTeX manual or LaTeX Companion for explanation.
Type  H <return>  for immediate help.
 ...                                              
                                                  
l.316 ...nproj_files/figure-latex/gendataFigure-1}
                                                  
I could not locate the file with any of these extensions:
.pdf,.png,.jpg,.mps,.jpeg,.jbig2,.jb2,.PDF,.PNG,.JPG,.JPEG,.JBIG2,.JB2,.eps
Try typing  <return>  to proceed.
If that doesn't work, type  X <return>  to quit.


LaTeX Warning: Reference `eq:rss' on page 9 undefined on input line 333.


LaTeX Warning: Reference `eq:normeq1' on page 9 undefined on input line 344.


LaTeX Warning: Reference `eq:normeq2' on page 9 undefined on input line 344.


LaTeX Warning: Reference `fig:Figresiduos' on page 9 undefined on input line 35
8.


! LaTeX Error: File `bookdownproj_files/figure-latex/Figresiduos-1' not found.

See the LaTeX manual or LaTeX Companion for explanation.
Type  H <return>  for immediate help.
 ...                                              
                                                  
l.362 ...ownproj_files/figure-latex/Figresiduos-1}
                                                  
I could not locate the file with any of these extensions:
.pdf,.png,.jpg,.mps,.jpeg,.jbig2,.jb2,.PDF,.PNG,.JPG,.JPEG,.JBIG2,.JB2,.eps
Try typing  <return>  to proceed.
If that doesn't work, type  X <return>  to quit.

LaTeX Font Info:    External font `lmex10' loaded for size
(Font)              <14.4> on input line 370.
[9]

Package natbib Warning: Citation `montgomery_introduction_2012' on page 10 unde
fined on input line 376.

[10]

LaTeX Warning: Reference `fig:FigMCO2' on page 11 undefined on input line 418.


! LaTeX Error: File `bookdownproj_files/figure-latex/FigMCO2-1' not found.

See the LaTeX manual or LaTeX Companion for explanation.
Type  H <return>  for immediate help.
 ...                                              
                                                  
l.430 ...ookdownproj_files/figure-latex/FigMCO2-1}
                                                  
I could not locate the file with any of these extensions:
.pdf,.png,.jpg,.mps,.jpeg,.jbig2,.jb2,.PDF,.PNG,.JPG,.JPEG,.JBIG2,.JB2,.eps
Try typing  <return>  to proceed.
If that doesn't work, type  X <return>  to quit.

[11]pdfTeX warning (ext4): destination with the same identifier (name{equation.
1.5.6}) has been already used, duplicate ignored
<to be read again> 
                   \relax 
l.493 \begin{equation}
                      pdfTeX warning (ext4): destination with the same identifi
er (name{equation.1.5.6}) has been already used, duplicate ignored
<to be read again> 
                   \relax 
l.493 \begin{equation}
                      pdfTeX warning (ext4): destination with the same identifi
er (name{equation.1.5.6}) has been already used, duplicate ignored
<to be read again> 
                   \relax 
l.493 \begin{equation}
                      pdfTeX warning (ext4): destination with the same identifi
er (name{equation.1.5.6}) has been already used, duplicate ignored
<to be read again> 
                   \relax 
l.493 \begin{equation}
                      pdfTeX warning (ext4): destination with the same identifi
er (name{equation.1.5.6}) has been already used, duplicate ignored
<to be read again> 
                   \relax 
l.501 \begin{equation}
                      pdfTeX warning (ext4): destination with the same identifi
er (name{equation.1.5.6}) has been already used, duplicate ignored
<to be read again> 
                   \relax 
l.501 \begin{equation}
                      pdfTeX warning (ext4): destination with the same identifi
er (name{equation.1.5.6}) has been already used, duplicate ignored
<to be read again> 
                   \relax 
l.501 \begin{equation}
                      pdfTeX warning (ext4): destination with the same identifi
er (name{equation.1.5.6}) has been already used, duplicate ignored
<to be read again> 
                   \relax 
l.501 \begin{equation}
                      

Package natbib Warning: Citation `montgomery_introduction_2012' on page 12 unde
fined on input line 509.

[12pdfTeX warning (ext4): destination with the same identifier (name{equation.1
.5.6}) has been already used, duplicate ignored
<argument> ...shipout:D \box_use:N \l_shipout_box 
                                                  
l.525 \end{equation}
                    ]

LaTeX Warning: Reference `eq:beta1cl' on page 13 undefined on input line 526.


LaTeX Warning: Reference `eq:H0beta1' on page 13 undefined on input line 535.


LaTeX Warning: Reference `fig:anovafig' on page 13 undefined on input line 555.



LaTeX Warning: Reference `eq:decomposion' on page 13 undefined on input line 55
5.


! LaTeX Error: File `bookdownproj_files/figure-latex/anovafig-1' not found.

See the LaTeX manual or LaTeX Companion for explanation.
Type  H <return>  for immediate help.
 ...                                              
                                                  
l.559 ...okdownproj_files/figure-latex/anovafig-1}
                                                  
I could not locate the file with any of these extensions:
.pdf,.png,.jpg,.mps,.jpeg,.jbig2,.jb2,.PDF,.PNG,.JPG,.JPEG,.JBIG2,.JB2,.eps
Try typing  <return>  to proceed.
If that doesn't work, type  X <return>  to quit.


LaTeX Warning: Reference `eq:decomposion' on page 13 undefined on input line 56
6.

[13]

LaTeX Warning: Reference `eq:anova' on page 14 undefined on input line 593.


LaTeX Warning: Reference `tab:tableAnova' on page 14 undefined on input line 59
7.


Package longtable Warning: Column widths have changed
(longtable)                in table 1.1 on input line 613.


Underfull \vbox (badness 1466) has occurred while \output is active []

 [14]
Overfull \hbox (25.00003pt too wide) in paragraph at lines 671--672
[][] 
 []


LaTeX Warning: Reference `eq:distB0' on page 15 undefined on input line 681.


LaTeX Warning: Reference `eq:distB1' on page 15 undefined on input line 681.

[15] [16pdfTeX warning (ext4): destination with the same identifier (name{equat
ion.1.6.12}) has been already used, duplicate ignored
<argument> ...shipout:D \box_use:N \l_shipout_box 
                                                  
l.733 \]
        ]

LaTeX Warning: Reference `eq:varpred' on page 17 undefined on input line 739.


LaTeX Warning: Reference `eq:modBirthweight' on page 17 undefined on input line
 750.

[17]

! LaTeX Error: File `bookdownproj_files/figure-latex/birthweightIC-1' not found
.

See the LaTeX manual or LaTeX Companion for explanation.
Type  H <return>  for immediate help.
 ...                                              
                                                  
l.834 ...nproj_files/figure-latex/birthweightIC-1}
                                                  
I could not locate the file with any of these extensions:
.pdf,.png,.jpg,.mps,.jpeg,.jbig2,.jb2,.PDF,.PNG,.JPG,.JPEG,.JBIG2,.JB2,.eps
Try typing  <return>  to proceed.
If that doesn't work, type  X <return>  to quit.

[18]

LaTeX Warning: Reference `fig:extrapolacion' on page 19 undefined on input line
 893.

[19]

! LaTeX Error: File `bookdownproj_files/figure-latex/extrapolacion-1' not found
.

See the LaTeX manual or LaTeX Companion for explanation.
Type  H <return>  for immediate help.
 ...                                              
                                                  
l.897 ...nproj_files/figure-latex/extrapolacion-1}
                                                  
I could not locate the file with any of these extensions:
.pdf,.png,.jpg,.mps,.jpeg,.jbig2,.jb2,.PDF,.PNG,.JPG,.JPEG,.JBIG2,.JB2,.eps
Try typing  <return>  to proceed.
If that doesn't work, type  X <return>  to quit.


LaTeX Warning: Reference `fig:influyentes' on page 20 undefined on input line 9
06.


LaTeX Warning: Reference `fig:influyentes' on page 20 undefined on input line 9
08.


! LaTeX Error: File `bookdownproj_files/figure-latex/influyentes-1' not found.

See the LaTeX manual or LaTeX Companion for explanation.
Type  H <return>  for immediate help.
 ...                                              
                                                  
l.913 ...ownproj_files/figure-latex/influyentes-1}
                                                  
I could not locate the file with any of these extensions:
.pdf,.png,.jpg,.mps,.jpeg,.jbig2,.jb2,.PDF,.PNG,.JPG,.JPEG,.JBIG2,.JB2,.eps
Try typing  <return>  to proceed.
If that doesn't work, type  X <return>  to quit.

[20]
Chapter 2.

LaTeX Warning: Reference `fig:BWdata2' on page 21 undefined on input line 939.


LaTeX Warning: Reference `fig:BWdata2' on page 21 undefined on input line 941.


! LaTeX Error: File `bookdownproj_files/figure-latex/BWdata2-1' not found.

See the LaTeX manual or LaTeX Companion for explanation.
Type  H <return>  for immediate help.
 ...                                              
                                                  
l.952 ...ookdownproj_files/figure-latex/BWdata2-1}
                                                  
I could not locate the file with any of these extensions:
.pdf,.png,.jpg,.mps,.jpeg,.jbig2,.jb2,.PDF,.PNG,.JPG,.JPEG,.JBIG2,.JB2,.eps
Try typing  <return>  to proceed.
If that doesn't work, type  X <return>  to quit.

[21

]
Overfull \hbox (1.70274pt too wide) detected at line 1001
[]\OML/lmm/m/it/10 E\OT1/lmr/m/n/10 (\OML/lmm/m/it/10 Y\OMS/lmsy/m/n/10 j\OML/l
mm/m/it/10 x[]; x[]; [] ; x[]\OT1/lmr/m/n/10 ) = \OML/lmm/m/it/10 E\OT1/lmr/m/n
/10 (\OML/lmm/m/it/10 Y\OMS/lmsy/m/n/10 j[][]\OT1/lmr/m/n/10 ) = \OML/lmm/m/it/
10 [] \OT1/lmr/m/n/10 + \OML/lmm/m/it/10 []x[] \OT1/lmr/m/n/10 + \OML/lmm/m/i
t/10 []x[] \OT1/lmr/m/n/10 + [] + \OML/lmm/m/it/10 []x[] \OT1/lmr/m/n/10 = []
[][]\OML/lmm/m/it/10 :
 []


LaTeX Warning: Reference `eq:expValue' on page 22 undefined on input line 1004.



LaTeX Warning: Reference `eq:modMultiple' on page 22 undefined on input line 10
16.

[22]
Overfull \hbox (32.42952pt too wide) detected at line 1074
[]
 []

[23]pdfTeX warning (ext4): destination with the same identifier (name{equation.
2.2.3}) has been already used, duplicate ignored
<to be read again> 
                   \relax 
l.1100 \begin{equation}
                       pdfTeX warning (ext4): destination with the same identif
ier (name{equation.2.2.3}) has been already used, duplicate ignored
<to be read again> 
                   \relax 
l.1100 \begin{equation}
                       pdfTeX warning (ext4): destination with the same identif
ier (name{equation.2.2.3}) has been already used, duplicate ignored
<to be read again> 
                   \relax 
l.1100 \begin{equation}
                       pdfTeX warning (ext4): destination with the same identif
ier (name{equation.2.2.3}) has been already used, duplicate ignored
<to be read again> 
                   \relax 
l.1100 \begin{equation}
                        [24]pdfTeX warning (ext4): destination with the same id
entifier (name{equation.2.2.3}) has been already used, duplicate ignored
<to be read again> 
                   \relax 
l.1177 \begin{equation}
                       pdfTeX warning (ext4): destination with the same identif
ier (name{equation.2.2.3}) has been already used, duplicate ignored
<to be read again> 
                   \relax 
l.1177 \begin{equation}
                       pdfTeX warning (ext4): destination with the same identif
ier (name{equation.2.2.3}) has been already used, duplicate ignored
<to be read again> 
                   \relax 
l.1177 \begin{equation}
                       pdfTeX warning (ext4): destination with the same identif
ier (name{equation.2.2.3}) has been already used, duplicate ignored
<to be read again> 
                   \relax 
l.1177 \begin{equation}
                       pdfTeX warning (ext4): destination with the same identif
ier (name{equation.2.2.3}) has been already used, duplicate ignored
<to be read again> 
                   \relax 
l.1187 \begin{equation}
                       pdfTeX warning (ext4): destination with the same identif
ier (name{equation.2.2.3}) has been already used, duplicate ignored
<to be read again> 
                   \relax 
l.1187 \begin{equation}
                       pdfTeX warning (ext4): destination with the same identif
ier (name{equation.2.2.3}) has been already used, duplicate ignored
<to be read again> 
                   \relax 
l.1187 \begin{equation}
                       pdfTeX warning (ext4): destination with the same identif
ier (name{equation.2.2.3}) has been already used, duplicate ignored
<to be read again> 
                   \relax 
l.1187 \begin{equation}
                       

Package natbib Warning: Citation `montgomery_introduction_2012' on page 25 unde
fined on input line 1200.

[25] [26]

LaTeX Warning: Reference `eq:HANOVA' on page 27 undefined on input line 1280.


LaTeX Warning: Reference `eq:HANOVA' on page 27 undefined on input line 1295.

[27] [28] [29]
Overfull \hbox (4.32292pt too wide) detected at line 1410
\OML/lmm/m/it/10 SS[]\OT1/lmr/m/n/10 (\OML/lmm/m/it/10 []; []; []\OMS/lmsy/m
/n/10 j\OML/lmm/m/it/10 []\OT1/lmr/m/n/10 ) \OMS/lmsy/m/n/10 6\OT1/lmr/m/n/10 
= \OML/lmm/m/it/10 SS[]\OT1/lmr/m/n/10 (\OML/lmm/m/it/10 []\OMS/lmsy/m/n/10 j\
OML/lmm/m/it/10 []; []; []\OT1/lmr/m/n/10 ) + \OML/lmm/m/it/10 SS[]\OT1/lmr/
m/n/10 (\OML/lmm/m/it/10 []\OMS/lmsy/m/n/10 j\OML/lmm/m/it/10 []; []; []\OT
1/lmr/m/n/10 ) + \OML/lmm/m/it/10 SS[]\OT1/lmr/m/n/10 (\OML/lmm/m/it/10 []\OMS
/lmsy/m/n/10 j\OML/lmm/m/it/10 []; []; []\OT1/lmr/m/n/10 )\OML/lmm/m/it/10 :

 []

[30]

LaTeX Warning: Reference `eq:hipGeneral1' on page 31 undefined on input line 14
34.

[31] [32]
Overfull \hbox (64.49881pt too wide) in paragraph at lines 1552--1552
[]\T1/lmtt/m/n/10 ## lm(formula = weight ~ age + mppwt + motherage + mnocig, da
ta = birthweight)[] 
 []

[33] [34] [35]

LaTeX Warning: Reference `fig:extrapolacionOculta' on page 36 undefined on inpu
t line 1685.


! LaTeX Error: File `bookdownproj_files/figure-latex/extrapolacionOculta-1' not
 found.

See the LaTeX manual or LaTeX Companion for explanation.
Type  H <return>  for immediate help.
 ...                                              
                                                  
l.1689 ...iles/figure-latex/extrapolacionOculta-1}
                                                  
I could not locate the file with any of these extensions:
.pdf,.png,.jpg,.mps,.jpeg,.jbig2,.jb2,.PDF,.PNG,.JPG,.JPEG,.JBIG2,.JB2,.eps
Try typing  <return>  to proceed.
If that doesn't work, type  X <return>  to quit.


LaTeX Warning: Reference `fig:birthweightExtrapolacion' on page 36 undefined on
 input line 1725.


! LaTeX Error: File `bookdownproj_files/figure-latex/birthweightExtrapolacion-1
' not found.

See the LaTeX manual or LaTeX Companion for explanation.
Type  H <return>  for immediate help.
 ...                                              
                                                  
l.1729 ...figure-latex/birthweightExtrapolacion-1}
                                                  
I could not locate the file with any of these extensions:
.pdf,.png,.jpg,.mps,.jpeg,.jbig2,.jb2,.PDF,.PNG,.JPG,.JPEG,.JBIG2,.JB2,.eps
Try typing  <return>  to proceed.
If that doesn't work, type  X <return>  to quit.

[36]
LaTeX Font Info:    Font shape `T1/lmtt/bx/n' in size <10> not available
(Font)              Font shape `T1/lmtt/b/n' tried instead on input line 1743.

Overfull \hbox (16.07458pt too wide) in paragraph at lines 1752--1753
[]\T1/lmr/m/n/10 (-20) Para la predic-ción en el punto $[][]$, ten-emos que $\O
ML/lmm/m/it/10 h[] \OT1/lmr/m/n/10 (-20) = (1\OML/lmm/m/it/10 ; \OT1/lmr/m/n/10
 (-20) 34\OML/lmm/m/it/10 ; \OT1/lmr/m/n/10 (-20) 77)([][][])[](1\OML/lmm/m/it/
10 ; \OT1/lmr/m/n/10 (-20) 34\OML/lmm/m/it/10 ; \OT1/lmr/m/n/10 (-20) 77)[] =
 []

[37] [38] [39] [40] [41] [42

]
Chapter 3.

Overfull \hbox (64.49881pt too wide) in paragraph at lines 2000--2000
[]\T1/lmtt/m/n/10 ## lm(formula = weight ~ age + motherage + mnocig + mppwt, da
ta = Birthweight)[] 
 []

[43]

LaTeX Warning: Reference `fig:icecream' on page 44 undefined on input line 2018
.


! LaTeX Error: File `bookdownproj_files/figure-latex/Icecream-1' not found.

See the LaTeX manual or LaTeX Companion for explanation.
Type  H <return>  for immediate help.
 ...                                              
                                                  
l.2030 ...kdownproj_files/figure-latex/Icecream-1}
                                                  
I could not locate the file with any of these extensions:
.pdf,.png,.jpg,.mps,.jpeg,.jbig2,.jb2,.PDF,.PNG,.JPG,.JPEG,.JBIG2,.JB2,.eps
Try typing  <return>  to proceed.
If that doesn't work, type  X <return>  to quit.

[44]

! LaTeX Error: File `bookdownproj_files/figure-latex/bass-1' not found.

See the LaTeX manual or LaTeX Companion for explanation.
Type  H <return>  for immediate help.
 ...                                              
                                                  
l.2094 ...{bookdownproj_files/figure-latex/bass-1}
                                                  
I could not locate the file with any of these extensions:
.pdf,.png,.jpg,.mps,.jpeg,.jbig2,.jb2,.PDF,.PNG,.JPG,.JPEG,.JBIG2,.JB2,.eps
Try typing  <return>  to proceed.
If that doesn't work, type  X <return>  to quit.


LaTeX Warning: Reference `fig:bass' on page 45 undefined on input line 2101.

[45] [46]

Package natbib Warning: Citation `behar_validacion_2002' on page 47 undefined o
n input line 2167.

[47]pdfTeX warning (ext4): destination with the same identifier (name{equation.
3.2.1}) has been already used, duplicate ignored
<to be read again> 
                   \relax 
l.2223 \begin{equation}
                       pdfTeX warning (ext4): destination with the same identif
ier (name{equation.3.2.1}) has been already used, duplicate ignored
<to be read again> 
                   \relax 
l.2223 \begin{equation}
                       pdfTeX warning (ext4): destination with the same identif
ier (name{equation.3.2.1}) has been already used, duplicate ignored
<to be read again> 
                   \relax 
l.2223 \begin{equation}
                       pdfTeX warning (ext4): destination with the same identif
ier (name{equation.3.2.1}) has been already used, duplicate ignored
<to be read again> 
                   \relax 
l.2223 \begin{equation}
                        [48] [49] [50]
Overfull \hbox (0.55147pt too wide) in paragraph at lines 2318--2318
[]\T1/lmr/bx/n/14.4 (-20) Evaluación del cumplim-iento de los supuestos 
 []


LaTeX Warning: Reference `fig:PatronesResiduos' on page 51 undefined on input l
ine 2325.


! LaTeX Error: File `bookdownproj_files/figure-latex/PatronesResiduos-1' not fo
und.

See the LaTeX manual or LaTeX Companion for explanation.
Type  H <return>  for immediate help.
 ...                                              
                                                  
l.2329 ...j_files/figure-latex/PatronesResiduos-1}
                                                  
I could not locate the file with any of these extensions:
.pdf,.png,.jpg,.mps,.jpeg,.jbig2,.jb2,.PDF,.PNG,.JPG,.JPEG,.JBIG2,.JB2,.eps
Try typing  <return>  to proceed.
If that doesn't work, type  X <return>  to quit.


LaTeX Warning: Reference `fig:PatronesResiduos' on page 51 undefined on input l
ine 2336.


LaTeX Warning: Reference `fig:PatronesResiduos' on page 51 undefined on input l
ine 2336.


LaTeX Warning: Reference `fig:PatronesResiduos' on page 51 undefined on input l
ine 2336.


LaTeX Warning: Reference `fig:PatronesResiduos' on page 51 undefined on input l
ine 2336.


! LaTeX Error: File `bookdownproj_files/figure-latex/patronesResiduos2-1' not f
ound.

See the LaTeX manual or LaTeX Companion for explanation.
Type  H <return>  for immediate help.
 ...                                              
                                                  
l.2340 ..._files/figure-latex/patronesResiduos2-1}
                                                  
I could not locate the file with any of these extensions:
.pdf,.png,.jpg,.mps,.jpeg,.jbig2,.jb2,.PDF,.PNG,.JPG,.JPEG,.JBIG2,.JB2,.eps
Try typing  <return>  to proceed.
If that doesn't work, type  X <return>  to quit.


LaTeX Warning: Reference `fig:patronesResiduos2' on page 51 undefined on input 
line 2347.


LaTeX Warning: Reference `fig:patronesResiduos2' on page 51 undefined on input 
line 2347.

[51]

! LaTeX Error: File `bookdownproj_files/figure-latex/residuosBWdata-1' not foun
d.

See the LaTeX manual or LaTeX Companion for explanation.
Type  H <return>  for immediate help.
 ...                                              
                                                  
l.2376 ...roj_files/figure-latex/residuosBWdata-1}
                                                  
I could not locate the file with any of these extensions:
.pdf,.png,.jpg,.mps,.jpeg,.jbig2,.jb2,.PDF,.PNG,.JPG,.JPEG,.JBIG2,.JB2,.eps
Try typing  <return>  to proceed.
If that doesn't work, type  X <return>  to quit.


LaTeX Warning: Reference `fig:PatronesResiduos' on page 52 undefined on input l
ine 2383.


Package natbib Warning: Citation `weisberg_applied_2014' on page 52 undefined o
n input line 2383.


LaTeX Warning: Reference `fig:PatronesResiduos' on page 52 undefined on input l
ine 2390.

[52]
Underfull \hbox (badness 1087) in paragraph at lines 2395--2397
\T1/lmr/m/n/10 (+20) Para cal-cu-lar los resid-uos par-ciales, primero es-ti-ma
mos los parámet-ros
 []


! LaTeX Error: File `bookdownproj_files/figure-latex/residuosBWdata2-1' not fou
nd.

See the LaTeX manual or LaTeX Companion for explanation.
Type  H <return>  for immediate help.
 ...                                              
                                                  
l.2423 ...oj_files/figure-latex/residuosBWdata2-1}
                                                  
I could not locate the file with any of these extensions:
.pdf,.png,.jpg,.mps,.jpeg,.jbig2,.jb2,.PDF,.PNG,.JPG,.JPEG,.JBIG2,.JB2,.eps
Try typing  <return>  to proceed.
If that doesn't work, type  X <return>  to quit.

[53]

LaTeX Warning: Reference `fig:qqplots' on page 54 undefined on input line 2445.



! LaTeX Error: File `bookdownproj_files/figure-latex/qqplots-1' not found.

See the LaTeX manual or LaTeX Companion for explanation.
Type  H <return>  for immediate help.
 ...                                              
                                                  
l.2449 ...okdownproj_files/figure-latex/qqplots-1}
                                                  
I could not locate the file with any of these extensions:
.pdf,.png,.jpg,.mps,.jpeg,.jbig2,.jb2,.PDF,.PNG,.JPG,.JPEG,.JBIG2,.JB2,.eps
Try typing  <return>  to proceed.
If that doesn't work, type  X <return>  to quit.


! LaTeX Error: File `bookdownproj_files/figure-latex/qqnormBWdata1-1' not found
.

See the LaTeX manual or LaTeX Companion for explanation.
Type  H <return>  for immediate help.
 ...                                              
                                                  
l.2473 ...proj_files/figure-latex/qqnormBWdata1-1}
                                                  
I could not locate the file with any of these extensions:
.pdf,.png,.jpg,.mps,.jpeg,.jbig2,.jb2,.PDF,.PNG,.JPG,.JPEG,.JBIG2,.JB2,.eps
Try typing  <return>  to proceed.
If that doesn't work, type  X <return>  to quit.


Package natbib Warning: Citation `fox_applied_2016' on page 54 undefined on inp
ut line 2484.


LaTeX Warning: Reference `fig:qqnormBWdata1' on page 54 undefined on input line
 2486.

[54]

LaTeX Warning: Reference `fig:residuosCorr' on page 55 undefined on input line 
2497.


! LaTeX Error: File `bookdownproj_files/figure-latex/residuosCorr-1' not found.


See the LaTeX manual or LaTeX Companion for explanation.
Type  H <return>  for immediate help.
 ...                                              
                                                  
l.2501 ...nproj_files/figure-latex/residuosCorr-1}
                                                  
I could not locate the file with any of these extensions:
.pdf,.png,.jpg,.mps,.jpeg,.jbig2,.jb2,.PDF,.PNG,.JPG,.JPEG,.JBIG2,.JB2,.eps
Try typing  <return>  to proceed.
If that doesn't work, type  X <return>  to quit.


LaTeX Warning: Reference `fig:heladosResiduos1' on page 55 undefined on input l
ine 2513.

[55]

! LaTeX Error: File `bookdownproj_files/figure-latex/heladosResiduos1-1' not fo
und.

See the LaTeX manual or LaTeX Companion for explanation.
Type  H <return>  for immediate help.
 ...                                              
                                                  
l.2531 ...j_files/figure-latex/heladosResiduos1-1}
                                                  
I could not locate the file with any of these extensions:
.pdf,.png,.jpg,.mps,.jpeg,.jbig2,.jb2,.PDF,.PNG,.JPG,.JPEG,.JBIG2,.JB2,.eps
Try typing  <return>  to proceed.
If that doesn't work, type  X <return>  to quit.


LaTeX Warning: Reference `fig:heladosResiduos2' on page 56 undefined on input l
ine 2542.


! LaTeX Error: File `bookdownproj_files/figure-latex/heladosResiduos2-1' not fo
und.

See the LaTeX manual or LaTeX Companion for explanation.
Type  H <return>  for immediate help.
 ...                                              
                                                  
l.2558 ...j_files/figure-latex/heladosResiduos2-1}
                                                  
I could not locate the file with any of these extensions:
.pdf,.png,.jpg,.mps,.jpeg,.jbig2,.jb2,.PDF,.PNG,.JPG,.JPEG,.JBIG2,.JB2,.eps
Try typing  <return>  to proceed.
If that doesn't work, type  X <return>  to quit.


Underfull \hbox (badness 2469) in paragraph at lines 2567--2567
[]\T1/lmr/bx/n/14.4 (+20) Pruebas de hipóte-sis para eval-uar los
 []

[56]

LaTeX Warning: Reference `eq:ssresd' on page 57 undefined on input line 2585.


Overfull \hbox (63.93256pt too wide) detected at line 2605
\OML/lmm/m/it/10 E\OT1/lmr/m/n/10 (\OML/lmm/m/it/10 MS[]\OT1/lmr/m/n/10 ) = []\
OML/lmm/m/it/10 E [] \OT1/lmr/m/n/10 = [] [] \OML/lmm/m/it/10 E [] \OT1/lmr/m/n
/10 = [] [](\OML/lmm/m/it/10 n[] \OMS/lmsy/m/n/10   \OT1/lmr/m/n/10 1) = \OML/l
mm/m/it/10 []:
 []


Overfull \hbox (89.70665pt too wide) detected at line 2617
\OML/lmm/m/it/10 H[] \OT1/lmr/m/n/10 : [] \OML/lmm/m/it/10 H[] \OT1/lmr/m/n/10 
: []\OML/lmm/m/it/10 ;
 []

[57]

LaTeX Warning: Reference `fig:pecesResiduos1' on page 58 undefined on input lin
e 2631.


! LaTeX Error: File `bookdownproj_files/figure-latex/pecesResiduos1-1' not foun
d.

See the LaTeX manual or LaTeX Companion for explanation.
Type  H <return>  for immediate help.
 ...                                              
                                                  
l.2646 ...roj_files/figure-latex/pecesResiduos1-1}
                                                  
I could not locate the file with any of these extensions:
.pdf,.png,.jpg,.mps,.jpeg,.jbig2,.jb2,.PDF,.PNG,.JPG,.JPEG,.JBIG2,.JB2,.eps
Try typing  <return>  to proceed.
If that doesn't work, type  X <return>  to quit.

[58]pdfTeX warning (ext4): destination with the same identifier (name{equation.
3.5.2}) has been already used, duplicate ignored
<to be read again> 
                   \relax 
l.2690 \begin{equation}
                       pdfTeX warning (ext4): destination with the same identif
ier (name{equation.3.5.2}) has been already used, duplicate ignored
<to be read again> 
                   \relax 
l.2690 \begin{equation}
                       pdfTeX warning (ext4): destination with the same identif
ier (name{equation.3.5.2}) has been already used, duplicate ignored
<to be read again> 
                   \relax 
l.2690 \begin{equation}
                       pdfTeX warning (ext4): destination with the same identif
ier (name{equation.3.5.2}) has been already used, duplicate ignored
<to be read again> 
                   \relax 
l.2690 \begin{equation}
                       pdfTeX warning (ext4): destination with the same identif
ier (name{equation.3.5.2}) has been already used, duplicate ignored
<to be read again> 
                   \relax 
l.2706 \begin{equation}
                       pdfTeX warning (ext4): destination with the same identif
ier (name{equation.3.5.2}) has been already used, duplicate ignored
<to be read again> 
                   \relax 
l.2706 \begin{equation}
                       pdfTeX warning (ext4): destination with the same identif
ier (name{equation.3.5.2}) has been already used, duplicate ignored
<to be read again> 
                   \relax 
l.2706 \begin{equation}
                       pdfTeX warning (ext4): destination with the same identif
ier (name{equation.3.5.2}) has been already used, duplicate ignored
<to be read again> 
                   \relax 
l.2706 \begin{equation}
                        [59]
Overfull \hbox (1.89374pt too wide) detected at line 2718
\OML/lmm/m/it/10 [] \OT1/lmr/m/n/10 = \OML/lmm/m/it/10 [] \OT1/lmr/m/n/10 + \
OML/lmm/m/it/10 []x[] \OT1/lmr/m/n/10 + \OML/lmm/m/it/10 []x[] \OT1/lmr/m/n/1
0 + \OML/lmm/m/it/10 []x[] \OT1/lmr/m/n/10 + \OML/lmm/m/it/10 []x[] \OT1/lmr/
m/n/10 + \OML/lmm/m/it/10 []x[] \OT1/lmr/m/n/10 + \OML/lmm/m/it/10 []x[] \OT1
/lmr/m/n/10 + \OML/lmm/m/it/10 []x[]x[] \OT1/lmr/m/n/10 + \OML/lmm/m/it/10 []
x[]x[] \OT1/lmr/m/n/10 + \OML/lmm/m/it/10 []x[]x[]
 []

pdfTeX warning (ext4): destination with the same identifier (name{equation.3.5.
2}) has been already used, duplicate ignored
<to be read again> 
                   \relax 
l.2720 \begin{equation}
                       pdfTeX warning (ext4): destination with the same identif
ier (name{equation.3.5.2}) has been already used, duplicate ignored
<to be read again> 
                   \relax 
l.2720 \begin{equation}
                       pdfTeX warning (ext4): destination with the same identif
ier (name{equation.3.5.2}) has been already used, duplicate ignored
<to be read again> 
                   \relax 
l.2720 \begin{equation}
                       pdfTeX warning (ext4): destination with the same identif
ier (name{equation.3.5.2}) has been already used, duplicate ignored
<to be read again> 
                   \relax 
l.2720 \begin{equation}
                       
Overfull \hbox (19.76495pt too wide) detected at line 2730
\OML/lmm/m/it/10 e[] \OT1/lmr/m/n/10 = \OML/lmm/m/it/10 [] \OT1/lmr/m/n/10 + \
OML/lmm/m/it/10 []x[] \OT1/lmr/m/n/10 + \OML/lmm/m/it/10 []x[] \OT1/lmr/m/n/1
0 + \OML/lmm/m/it/10 []x[] \OT1/lmr/m/n/10 + \OML/lmm/m/it/10 []x[] \OT1/lmr/
m/n/10 + \OML/lmm/m/it/10 []x[] \OT1/lmr/m/n/10 + \OML/lmm/m/it/10 []x[] \OT1
/lmr/m/n/10 + \OML/lmm/m/it/10 []x[]x[] \OT1/lmr/m/n/10 + \OML/lmm/m/it/10 []
x[]x[] \OT1/lmr/m/n/10 + \OML/lmm/m/it/10 []x[]x[] \OT1/lmr/m/n/10 + \OML/lmm/
m/it/10 [];
 []

pdfTeX warning (ext4): destination with the same identifier (name{equation.3.5.
2}) has been already used, duplicate ignored
<to be read again> 
                   \relax 
l.2740 \begin{equation}
                       pdfTeX warning (ext4): destination with the same identif
ier (name{equation.3.5.2}) has been already used, duplicate ignored
<to be read again> 
                   \relax 
l.2740 \begin{equation}
                       pdfTeX warning (ext4): destination with the same identif
ier (name{equation.3.5.2}) has been already used, duplicate ignored
<to be read again> 
                   \relax 
l.2740 \begin{equation}
                       pdfTeX warning (ext4): destination with the same identif
ier (name{equation.3.5.2}) has been already used, duplicate ignored
<to be read again> 
                   \relax 
l.2740 \begin{equation}
                       pdfTeX warning (ext4): destination with the same identif
ier (name{equation.3.5.2}) has been already used, duplicate ignored
<to be read again> 
                   \relax 
l.2748 \begin{equation}
                       pdfTeX warning (ext4): destination with the same identif
ier (name{equation.3.5.2}) has been already used, duplicate ignored
<to be read again> 
                   \relax 
l.2748 \begin{equation}
                       pdfTeX warning (ext4): destination with the same identif
ier (name{equation.3.5.2}) has been already used, duplicate ignored
<to be read again> 
                   \relax 
l.2748 \begin{equation}
                       pdfTeX warning (ext4): destination with the same identif
ier (name{equation.3.5.2}) has been already used, duplicate ignored
<to be read again> 
                   \relax 
l.2748 \begin{equation}
                       
Overfull \hbox (6.74898pt too wide) in paragraph at lines 2795--2795
[]\T1/lmtt/m/n/10 ## lm(formula = res.stud.birthweight^2 ~ age + motherage + mn
ocig +[] 
 []


Overfull \hbox (11.99896pt too wide) in paragraph at lines 2795--2795
[]\T1/lmtt/m/n/10 ##     mppwt + I(age^2) + I(motherage^2) + I(mnocig^2) + I(mp
pwt^2),[] 
 []

[60] [61] [62] [63]

Package natbib Warning: Citation `behar_validacion_2002' on page 64 undefined o
n input line 2939.

[64]
Chapter 4.

LaTeX Warning: Reference `fig:UNdataFig' on page 65 undefined on input line 298
1.


! LaTeX Error: File `bookdownproj_files/figure-latex/UNdataFig-1' not found.

See the LaTeX manual or LaTeX Companion for explanation.
Type  H <return>  for immediate help.
 ...                                              
                                                  
l.2993 ...downproj_files/figure-latex/UNdataFig-1}
                                                  
I could not locate the file with any of these extensions:
.pdf,.png,.jpg,.mps,.jpeg,.jbig2,.jb2,.PDF,.PNG,.JPG,.JPEG,.JBIG2,.JB2,.eps
Try typing  <return>  to proceed.
If that doesn't work, type  X <return>  to quit.

[65

]

LaTeX Warning: Reference `fig:Un11res' on page 66 undefined on input line 3006.



LaTeX Warning: Reference `fig:Un11resPartial' on page 66 undefined on input lin
e 3006.


! LaTeX Error: File `bookdownproj_files/figure-latex/Un11res-1' not found.

See the LaTeX manual or LaTeX Companion for explanation.
Type  H <return>  for immediate help.
 ...                                              
                                                  
l.3022 ...okdownproj_files/figure-latex/Un11res-1}
                                                  
I could not locate the file with any of these extensions:
.pdf,.png,.jpg,.mps,.jpeg,.jbig2,.jb2,.PDF,.PNG,.JPG,.JPEG,.JBIG2,.JB2,.eps
Try typing  <return>  to proceed.
If that doesn't work, type  X <return>  to quit.


! LaTeX Error: File `bookdownproj_files/figure-latex/Un11resPartial-1' not foun
d.

See the LaTeX manual or LaTeX Companion for explanation.
Type  H <return>  for immediate help.
 ...                                              
                                                  
l.3038 ...roj_files/figure-latex/Un11resPartial-1}
                                                  
I could not locate the file with any of these extensions:
.pdf,.png,.jpg,.mps,.jpeg,.jbig2,.jb2,.PDF,.PNG,.JPG,.JPEG,.JBIG2,.JB2,.eps
Try typing  <return>  to proceed.
If that doesn't work, type  X <return>  to quit.


LaTeX Warning: Reference `fig:Educdata' on page 66 undefined on input line 3063
.


Overfull \hbox (43.93095pt too wide) has occurred while \output is active
\T1/lmr/m/n/10 66 \T1/lmr/m/sl/10 CHAPTER 4.  TRANSFORMACIONES Y MÍNIMOS CUADRA
DOS PONDERADOS
 []

[66]

! LaTeX Error: File `bookdownproj_files/figure-latex/Educdata-1' not found.

See the LaTeX manual or LaTeX Companion for explanation.
Type  H <return>  for immediate help.
 ...                                              
                                                  
l.3076 ...kdownproj_files/figure-latex/Educdata-1}
                                                  
I could not locate the file with any of these extensions:
.pdf,.png,.jpg,.mps,.jpeg,.jbig2,.jb2,.PDF,.PNG,.JPG,.JPEG,.JBIG2,.JB2,.eps
Try typing  <return>  to proceed.
If that doesn't work, type  X <return>  to quit.


LaTeX Warning: Reference `fig:Educres' on page 67 undefined on input line 3089.



! LaTeX Error: File `bookdownproj_files/figure-latex/Educres-1' not found.

See the LaTeX manual or LaTeX Companion for explanation.
Type  H <return>  for immediate help.
 ...                                              
                                                  
l.3109 ...okdownproj_files/figure-latex/Educres-1}
                                                  
I could not locate the file with any of these extensions:
.pdf,.png,.jpg,.mps,.jpeg,.jbig2,.jb2,.PDF,.PNG,.JPG,.JPEG,.JBIG2,.JB2,.eps
Try typing  <return>  to proceed.
If that doesn't work, type  X <return>  to quit.

[67]

LaTeX Warning: Reference `tab:funciones' on page 68 undefined on input line 314
4.


LaTeX Warning: Reference `fig:linealPat' on page 68 undefined on input line 314
4.


LaTeX Warning: Reference `fig:linealPat' on page 68 undefined on input line 314
6.


! LaTeX Error: File `bookdownproj_files/figure-latex/linealPat-1' not found.

See the LaTeX manual or LaTeX Companion for explanation.
Type  H <return>  for immediate help.
 ...                                              
                                                  
l.3173 ...downproj_files/figure-latex/linealPat-1}
                                                  
I could not locate the file with any of these extensions:
.pdf,.png,.jpg,.mps,.jpeg,.jbig2,.jb2,.PDF,.PNG,.JPG,.JPEG,.JBIG2,.JB2,.eps
Try typing  <return>  to proceed.
If that doesn't work, type  X <return>  to quit.


Overfull \hbox (43.93095pt too wide) has occurred while \output is active
\T1/lmr/m/n/10 68 \T1/lmr/m/sl/10 CHAPTER 4.  TRANSFORMACIONES Y MÍNIMOS CUADRA
DOS PONDERADOS
 []

[68]

LaTeX Warning: Reference `tab:funcionesVar' on page 69 undefined on input line 
3187.


Package natbib Warning: Citation `behar_validacion_2002' on page 69 undefined o
n input line 3187.


LaTeX Warning: Reference `fig:UNtransFig' on page 69 undefined on input line 32
37.

[69]

! LaTeX Error: File `bookdownproj_files/figure-latex/UNtransFig-1' not found.

See the LaTeX manual or LaTeX Companion for explanation.
Type  H <return>  for immediate help.
 ...                                              
                                                  
l.3241 ...ownproj_files/figure-latex/UNtransFig-1}
                                                  
I could not locate the file with any of these extensions:
.pdf,.png,.jpg,.mps,.jpeg,.jbig2,.jb2,.PDF,.PNG,.JPG,.JPEG,.JBIG2,.JB2,.eps
Try typing  <return>  to proceed.
If that doesn't work, type  X <return>  to quit.


LaTeX Warning: Reference `fig:UNtrans2Fig' on page 70 undefined on input line 3
254.


! LaTeX Error: File `bookdownproj_files/figure-latex/UNtrans2Fig-1' not found.

See the LaTeX manual or LaTeX Companion for explanation.
Type  H <return>  for immediate help.
 ...                                              
                                                  
l.3273 ...wnproj_files/figure-latex/UNtrans2Fig-1}
                                                  
I could not locate the file with any of these extensions:
.pdf,.png,.jpg,.mps,.jpeg,.jbig2,.jb2,.PDF,.PNG,.JPG,.JPEG,.JBIG2,.JB2,.eps
Try typing  <return>  to proceed.
If that doesn't work, type  X <return>  to quit.


Overfull \hbox (43.93095pt too wide) has occurred while \output is active
\T1/lmr/m/n/10 70 \T1/lmr/m/sl/10 CHAPTER 4.  TRANSFORMACIONES Y MÍNIMOS CUADRA
DOS PONDERADOS
 []

[70]

LaTeX Warning: Reference `eq:boxcoxtrans' on page 71 undefined on input line 33
10.


LaTeX Warning: Reference `eq:boxcoxtrans' on page 71 undefined on input line 33
14.


Overfull \hbox (14.28436pt too wide) detected at line 3320
\OML/lmm/m/it/10 `\OT1/lmr/m/n/10 ([]\OML/lmm/m/it/10 ; []\OMS/lmsy/m/n/10 j\O
ML/lmm/m/it/10 \OT1/lmr/m/n/10 ) = \OMS/lmsy/m/n/10  [] [] []   [] [] [][] \OT
1/lmr/m/n/10 = \OMS/lmsy/m/n/10  [] [] []   []\OML/lmm/m/it/10 SS[]\OT1/lmr/m/n
/10 (\OML/lmm/m/it/10 \OT1/lmr/m/n/10 )\OML/lmm/m/it/10 :
 []

[71]

! LaTeX Error: File `bookdownproj_files/figure-latex/educLambda-1' not found.

See the LaTeX manual or LaTeX Companion for explanation.
Type  H <return>  for immediate help.
 ...                                              
                                                  
l.3348 ...ownproj_files/figure-latex/educLambda-1}
                                                  
I could not locate the file with any of these extensions:
.pdf,.png,.jpg,.mps,.jpeg,.jbig2,.jb2,.PDF,.PNG,.JPG,.JPEG,.JBIG2,.JB2,.eps
Try typing  <return>  to proceed.
If that doesn't work, type  X <return>  to quit.


! LaTeX Error: File `bookdownproj_files/figure-latex/EducBC2Fig-1' not found.

See the LaTeX manual or LaTeX Companion for explanation.
Type  H <return>  for immediate help.
 ...                                              
                                                  
l.3390 ...ownproj_files/figure-latex/EducBC2Fig-1}
                                                  
I could not locate the file with any of these extensions:
.pdf,.png,.jpg,.mps,.jpeg,.jbig2,.jb2,.PDF,.PNG,.JPG,.JPEG,.JBIG2,.JB2,.eps
Try typing  <return>  to proceed.
If that doesn't work, type  X <return>  to quit.


LaTeX Warning: Reference `fig:EducBC2Fig' on page 72 undefined on input line 33
97.


LaTeX Warning: Reference `fig:EducBC3Fig' on page 72 undefined on input line 33
97.


! LaTeX Error: File `bookdownproj_files/figure-latex/EducBC3Fig-1' not found.

See the LaTeX manual or LaTeX Companion for explanation.
Type  H <return>  for immediate help.
 ...                                              
                                                  
l.3407 ...ownproj_files/figure-latex/EducBC3Fig-1}
                                                  
I could not locate the file with any of these extensions:
.pdf,.png,.jpg,.mps,.jpeg,.jbig2,.jb2,.PDF,.PNG,.JPG,.JPEG,.JBIG2,.JB2,.eps
Try typing  <return>  to proceed.
If that doesn't work, type  X <return>  to quit.


Overfull \hbox (43.93095pt too wide) has occurred while \output is active
\T1/lmr/m/n/10 72 \T1/lmr/m/sl/10 CHAPTER 4.  TRANSFORMACIONES Y MÍNIMOS CUADRA
DOS PONDERADOS
 []

[72] [73]

LaTeX Warning: Reference `eq:modV' on page 74 undefined on input line 3494.


LaTeX Warning: Reference `eq:SSWE' on page 74 undefined on input line 3505.


Overfull \hbox (43.93095pt too wide) has occurred while \output is active
\T1/lmr/m/n/10 74 \T1/lmr/m/sl/10 CHAPTER 4.  TRANSFORMACIONES Y MÍNIMOS CUADRA
DOS PONDERADOS
 []

[74]

LaTeX Warning: Reference `eq:VarBetaW' on page 75 undefined on input line 3546.



LaTeX Warning: Reference `fig:Educres' on page 75 undefined on input line 3554.


[75]
Overfull \hbox (43.93095pt too wide) has occurred while \output is active
\T1/lmr/m/n/10 76 \T1/lmr/m/sl/10 CHAPTER 4.  TRANSFORMACIONES Y MÍNIMOS CUADRA
DOS PONDERADOS
 []

[76]

LaTeX Warning: Reference `fig:EducMCPFig' on page 77 undefined on input line 36
30.


! LaTeX Error: File `bookdownproj_files/figure-latex/EducMCPFig-1' not found.

See the LaTeX manual or LaTeX Companion for explanation.
Type  H <return>  for immediate help.
 ...                                              
                                                  
l.3648 ...ownproj_files/figure-latex/EducMCPFig-1}
                                                  
I could not locate the file with any of these extensions:
.pdf,.png,.jpg,.mps,.jpeg,.jbig2,.jb2,.PDF,.PNG,.JPG,.JPEG,.JBIG2,.JB2,.eps
Try typing  <return>  to proceed.
If that doesn't work, type  X <return>  to quit.

[77]

Package natbib Warning: Citation `montgomery_introduction_2012' on page 78 unde
fined on input line 3708.


Package natbib Warning: Citation `fox_applied_2016' on page 78 undefined on inp
ut line 3708.


Package longtable Warning: Column widths have changed
(longtable)                in table 4.3 on input line 3710.


Overfull \hbox (43.93095pt too wide) has occurred while \output is active
\T1/lmr/m/n/10 78 \T1/lmr/m/sl/10 CHAPTER 4.  TRANSFORMACIONES Y MÍNIMOS CUADRA
DOS PONDERADOS
 []

[78]
Chapter 5.

LaTeX Warning: Reference `fig:Un11resFig' on page 79 undefined on input line 37
27.


! LaTeX Error: File `bookdownproj_files/figure-latex/Un11resFig-1' not found.

See the LaTeX manual or LaTeX Companion for explanation.
Type  H <return>  for immediate help.
 ...                                              
                                                  
l.3731 ...ownproj_files/figure-latex/Un11resFig-1}
                                                  
I could not locate the file with any of these extensions:
.pdf,.png,.jpg,.mps,.jpeg,.jbig2,.jb2,.PDF,.PNG,.JPG,.JPEG,.JBIG2,.JB2,.eps
Try typing  <return>  to proceed.
If that doesn't work, type  X <return>  to quit.


LaTeX Warning: Reference `fig:puntosAI' on page 79 undefined on input line 3742
.

[79

]

! LaTeX Error: File `bookdownproj_files/figure-latex/puntosAI-1' not found.

See the LaTeX manual or LaTeX Companion for explanation.
Type  H <return>  for immediate help.
 ...                                              
                                                  
l.3758 ...kdownproj_files/figure-latex/puntosAI-1}
                                                  
I could not locate the file with any of these extensions:
.pdf,.png,.jpg,.mps,.jpeg,.jbig2,.jb2,.PDF,.PNG,.JPG,.JPEG,.JBIG2,.JB2,.eps
Try typing  <return>  to proceed.
If that doesn't work, type  X <return>  to quit.


LaTeX Warning: Reference `fig:puntosAIw' on page 80 undefined on input line 376
5.


LaTeX Warning: Reference `fig:puntosAIw' on page 80 undefined on input line 376
5.


LaTeX Warning: Reference `fig:puntosAIw' on page 80 undefined on input line 376
7.


! LaTeX Error: File `bookdownproj_files/figure-latex/puntosAIw-1' not found.

See the LaTeX manual or LaTeX Companion for explanation.
Type  H <return>  for immediate help.
 ...                                              
                                                  
l.3771 ...downproj_files/figure-latex/puntosAIw-1}
                                                  
I could not locate the file with any of these extensions:
.pdf,.png,.jpg,.mps,.jpeg,.jbig2,.jb2,.PDF,.PNG,.JPG,.JPEG,.JBIG2,.JB2,.eps
Try typing  <return>  to proceed.
If that doesn't work, type  X <return>  to quit.

[80]

LaTeX Warning: Reference `fig:Un11res' on page 81 undefined on input line 3801.


[81]

LaTeX Warning: Reference `eq:hij' on page 82 undefined on input line 3827.


LaTeX Warning: Reference `fig:Un11Hdiag' on page 82 undefined on input line 383
7.


Overfull \hbox (190.49844pt too wide) in paragraph at lines 3858--3858
[]\T1/lmtt/m/n/10 ##            Djibouti             Liberia               Naur
u         North Korea             Somalia[] 
 []


Overfull \hbox (190.49844pt too wide) in paragraph at lines 3858--3858
[]\T1/lmtt/m/n/10 ##          0.03105290          0.03747901          0.0370851
3          0.03105839          0.04390710[] 
 []


! LaTeX Error: File `bookdownproj_files/figure-latex/Un11Hdiag-1' not found.

See the LaTeX manual or LaTeX Companion for explanation.
Type  H <return>  for immediate help.
 ...                                              
                                                  
l.3871 ...downproj_files/figure-latex/Un11Hdiag-1}
                                                  
I could not locate the file with any of these extensions:
.pdf,.png,.jpg,.mps,.jpeg,.jbig2,.jb2,.PDF,.PNG,.JPG,.JPEG,.JBIG2,.JB2,.eps
Try typing  <return>  to proceed.
If that doesn't work, type  X <return>  to quit.


LaTeX Warning: Reference `fig:Un11Hdiag' on page 82 undefined on input line 387
8.

[82]

LaTeX Warning: Reference `fig:Un11valAtip' on page 83 undefined on input line 3
880.


! LaTeX Error: File `bookdownproj_files/figure-latex/Un11valAtip-1' not found.

See the LaTeX manual or LaTeX Companion for explanation.
Type  H <return>  for immediate help.
 ...                                              
                                                  
l.3905 ...wnproj_files/figure-latex/Un11valAtip-1}
                                                  
I could not locate the file with any of these extensions:
.pdf,.png,.jpg,.mps,.jpeg,.jbig2,.jb2,.PDF,.PNG,.JPG,.JPEG,.JBIG2,.JB2,.eps
Try typing  <return>  to proceed.
If that doesn't work, type  X <return>  to quit.


LaTeX Warning: Reference `fig:Un11valAtipElim' on page 83 undefined on input li
ne 3918.

[83]

! LaTeX Error: File `bookdownproj_files/figure-latex/Un11valAtipElim-1' not fou
nd.

See the LaTeX manual or LaTeX Companion for explanation.
Type  H <return>  for immediate help.
 ...                                              
                                                  
l.3923 ...oj_files/figure-latex/Un11valAtipElim-1}
                                                  
I could not locate the file with any of these extensions:
.pdf,.png,.jpg,.mps,.jpeg,.jbig2,.jb2,.PDF,.PNG,.JPG,.JPEG,.JBIG2,.JB2,.eps
Try typing  <return>  to proceed.
If that doesn't work, type  X <return>  to quit.

[84]
Underfull \hbox (badness 1082) in paragraph at lines 3994--3995
\T1/lmr/m/n/10 (+20) En R las me-di-das de in-flu-en-cia se pueden cal-cu-lar u
s-ando la fun-ción
 []


LaTeX Warning: Reference `fig:Un11Cook' on page 85 undefined on input line 3996
.

[85]

! LaTeX Error: File `bookdownproj_files/figure-latex/Un11Cook-1' not found.

See the LaTeX manual or LaTeX Companion for explanation.
Type  H <return>  for immediate help.
 ...                                              
                                                  
l.4010 ...kdownproj_files/figure-latex/Un11Cook-1}
                                                  
I could not locate the file with any of these extensions:
.pdf,.png,.jpg,.mps,.jpeg,.jbig2,.jb2,.PDF,.PNG,.JPG,.JPEG,.JBIG2,.JB2,.eps
Try typing  <return>  to proceed.
If that doesn't work, type  X <return>  to quit.


LaTeX Warning: Reference `fig:UNdataDfBetas' on page 86 undefined on input line
 4017.


! LaTeX Error: File `bookdownproj_files/figure-latex/UNdataDfBetas-1' not found
.

See the LaTeX manual or LaTeX Companion for explanation.
Type  H <return>  for immediate help.
 ...                                              
                                                  
l.4038 ...proj_files/figure-latex/UNdataDfBetas-1}
                                                  
I could not locate the file with any of these extensions:
.pdf,.png,.jpg,.mps,.jpeg,.jbig2,.jb2,.PDF,.PNG,.JPG,.JPEG,.JBIG2,.JB2,.eps
Try typing  <return>  to proceed.
If that doesn't work, type  X <return>  to quit.


LaTeX Warning: Reference `fig:UNdataOtros' on page 86 undefined on input line 4
045.

[86]

! LaTeX Error: File `bookdownproj_files/figure-latex/UNdataOtros-1' not found.

See the LaTeX manual or LaTeX Companion for explanation.
Type  H <return>  for immediate help.
 ...                                              
                                                  
l.4068 ...wnproj_files/figure-latex/UNdataOtros-1}
                                                  
I could not locate the file with any of these extensions:
.pdf,.png,.jpg,.mps,.jpeg,.jbig2,.jb2,.PDF,.PNG,.JPG,.JPEG,.JBIG2,.JB2,.eps
Try typing  <return>  to proceed.
If that doesn't work, type  X <return>  to quit.


LaTeX Warning: Reference `eq:modUN' on page 87 undefined on input line 4075.

No file bookdownproj.bbl.

Package natbib Warning: There were undefined citations.


Package longtable Warning: Table widths have changed. Rerun LaTeX.

[87] (bookdownproj.aux)

LaTeX Warning: There were undefined references.


LaTeX Warning: Label(s) may have changed. Rerun to get cross-references right.

 ) 
Here is how much of TeX's memory you used:
 16550 strings out of 479697
 271722 string characters out of 2876983
 561988 words of memory out of 3000000
 32656 multiletter control sequences out of 15000+200000
 496611 words of font info for 228 fonts, out of 3000000 for 9000
 1141 hyphenation exceptions out of 8191
 79i,22n,85p,948b,480s stack positions out of 5000i,500n,10000p,200000b,50000s
{C:/Program Files/MiKTeX/fonts/enc/dvips/lm/lm-ec.enc}{C:/Program Files/MiKTe
X/fonts/enc/dvips/lm/lm-mathit.enc}{C:/Program Files/MiKTeX/fonts/enc/dvips/lm/
lm-mathsy.enc}{C:/Program Files/MiKTeX/fonts/enc/dvips/lm/lm-rm.enc}{C:/Program
 Files/MiKTeX/fonts/enc/dvips/lm/lm-mathex.enc}{C:/Program Files/MiKTeX/fonts/e
nc/dvips/lm/lm-ts1.enc}<C:/Program Files/MiKTeX/fonts/type1/public/lm/lmbx10.pf
b><C:/Program Files/MiKTeX/fonts/type1/public/lm/lmbx12.pfb><C:/Program Files/M
iKTeX/fonts/type1/public/lm/lmex10.pfb><C:/Program Files/MiKTeX/fonts/type1/pub
lic/lm/lmmi10.pfb><C:/Program Files/MiKTeX/fonts/type1/public/lm/lmmi12.pfb><C:
/Program Files/MiKTeX/fonts/type1/public/lm/lmmi5.pfb><C:/Program Files/MiKTeX/
fonts/type1/public/lm/lmmi7.pfb><C:/Program Files/MiKTeX/fonts/type1/public/lm/
lmmi8.pfb><C:/Program Files/MiKTeX/fonts/type1/public/lm/lmmib10.pfb><C:/Progra
m Files/MiKTeX/fonts/type1/public/lm/lmmib7.pfb><C:/Program Files/MiKTeX/fonts/
type1/public/lm/lmr10.pfb><C:/Program Files/MiKTeX/fonts/type1/public/lm/lmr12.
pfb><C:/Program Files/MiKTeX/fonts/type1/public/lm/lmr17.pfb><C:/Program Files/
MiKTeX/fonts/type1/public/lm/lmr5.pfb><C:/Program Files/MiKTeX/fonts/type1/publ
ic/lm/lmr7.pfb><C:/Program Files/MiKTeX/fonts/type1/public/lm/lmr8.pfb><C:/Prog
ram Files/MiKTeX/fonts/type1/public/lm/lmri10.pfb><C:/Program Files/MiKTeX/font
s/type1/public/lm/lmro10.pfb><C:/Program Files/MiKTeX/fonts/type1/public/lm/lms
y10.pfb><C:/Program Files/MiKTeX/fonts/type1/public/lm/lmsy5.pfb><C:/Program Fi
les/MiKTeX/fonts/type1/public/lm/lmsy7.pfb><C:/Program Files/MiKTeX/fonts/type1
/public/lm/lmtk10.pfb><C:/Program Files/MiKTeX/fonts/type1/public/lm/lmtt10.pfb
><C:/Program Files/MiKTeX/fonts/type1/public/lm/lmtti10.pfb>
Output written on bookdownproj.pdf (87 pages, 760024 bytes).
PDF statistics:
 997 PDF objects out of 1000 (max. 8388607)
 396 named destinations out of 1000 (max. 500000)
 49489 words of extra memory for PDF output out of 51595 (max. 10000000)

